<?xml version="1.0" encoding="UTF-8"?>
<testsuite name="ru.ifmo.cet.javabasics.WarAndPeaceExerciseTest" tests="2" skipped="0" failures="0" errors="0" timestamp="2019-05-25T20:07:06" hostname="MacBook-Pro-User.local" time="1.198">
  <properties/>
  <testcase name="warAndPeace()" classname="ru.ifmo.cet.javabasics.WarAndPeaceExerciseTest" time="1.194"/>
  <testcase name="testNoLambdas()" classname="ru.ifmo.cet.javabasics.WarAndPeaceExerciseTest" time="0.002"/>
  <system-out><![CDATA[]]></system-out>
  <system-err><![CDATA[]]></system-err>
</testsuite>
