<?xml version="1.0" encoding="UTF-8"?>
<testsuite name="ru.ifmo.cet.javabasics.WarAndPeaceExerciseTest" tests="2" skipped="0" failures="0" errors="0" timestamp="2019-05-25T20:16:17" hostname="MacBook-Pro-User.local" time="0.928">
  <properties/>
  <testcase name="warAndPeace()" classname="ru.ifmo.cet.javabasics.WarAndPeaceExerciseTest" time="0.923"/>
  <testcase name="testNoLambdas()" classname="ru.ifmo.cet.javabasics.WarAndPeaceExerciseTest" time="0.003"/>
  <system-out><![CDATA[]]></system-out>
  <system-err><![CDATA[]]></system-err>
</testsuite>
